# JRE version: OpenJDK Runtime Environment (8.0_152-b01) (build 1.8.0_152-release-1343-b01)
# Java VM: OpenJDK 64-Bit Server VM (25.152-b01 mixed mode windows-amd64 compressed oops)
Heap:
 PSYoungGen      total 138240K, used 16771K [0x00000000f5580000, 0x0000000100000000, 0x0000000100000000)
  eden space 117248K, 14% used [0x00000000f5580000,0x00000000f65e0d60,0x00000000fc800000)
  from space 20992K, 0% used [0x00000000fc800000,0x00000000fc800000,0x00000000fdc80000)
  to   space 29184K, 0% used [0x00000000fe380000,0x00000000fe380000,0x0000000100000000)
 ParOldGen       total 199168K, used 77727K [0x00000000e0000000, 0x00000000ec280000, 0x00000000f5580000)
  object space 199168K, 39% used [0x00000000e0000000,0x00000000e4be7db0,0x00000000ec280000)
 Metaspace       used 91797K, capacity 96212K, committed 97064K, reserved 1134592K
  class space    used 11717K, capacity 12615K, committed 12840K, reserved 1048576K
GC Heap History (10 events):
Event: 169.449 GC heap before
{Heap before GC invocations=19 (full 3):
 PSYoungGen      total 149504K, used 139442K [0x00000000f5580000, 0x0000000100000000, 0x0000000100000000)
  eden space 124416K, 100% used [0x00000000f5580000,0x00000000fcf00000,0x00000000fcf00000)
  from space 25088K, 59% used [0x00000000fcf00000,0x00000000fddacb28,0x00000000fe780000)
  to   space 24576K, 0% used [0x00000000fe800000,0x00000000fe800000,0x0000000100000000)
 ParOldGen       total 199168K, used 79992K [0x00000000e0000000, 0x00000000ec280000, 0x00000000f5580000)
  object space 199168K, 40% used [0x00000000e0000000,0x00000000e4e1e3b8,0x00000000ec280000)
 Metaspace       used 82274K, capacity 86056K, committed 86440K, reserved 1124352K
  class space    used 10550K, capacity 11315K, committed 11432K, reserved 1048576K
Event: 169.469 GC heap after
Heap after GC invocations=19 (full 3):
 PSYoungGen      total 147968K, used 10724K [0x00000000f5580000, 0x00000000ffe80000, 0x0000000100000000)
  eden space 124928K, 0% used [0x00000000f5580000,0x00000000f5580000,0x00000000fcf80000)
  from space 23040K, 46% used [0x00000000fe800000,0x00000000ff279018,0x00000000ffe80000)
  to   space 24064K, 0% used [0x00000000fcf80000,0x00000000fcf80000,0x00000000fe700000)
 ParOldGen       total 199168K, used 80000K [0x00000000e0000000, 0x00000000ec280000, 0x00000000f5580000)
  object space 199168K, 40% used [0x00000000e0000000,0x00000000e4e203b8,0x00000000ec280000)
 Metaspace       used 82274K, capacity 86056K, committed 86440K, reserved 1124352K
  class space    used 10550K, capacity 11315K, committed 11432K, reserved 1048576K
}
Event: 173.256 GC heap before
{Heap before GC invocations=20 (full 3):
 PSYoungGen      total 147968K, used 135652K [0x00000000f5580000, 0x00000000ffe80000, 0x0000000100000000)
  eden space 124928K, 100% used [0x00000000f5580000,0x00000000fcf80000,0x00000000fcf80000)
  from space 23040K, 46% used [0x00000000fe800000,0x00000000ff279018,0x00000000ffe80000)
  to   space 24064K, 0% used [0x00000000fcf80000,0x00000000fcf80000,0x00000000fe700000)
 ParOldGen       total 199168K, used 80034K [0x00000000e0000000, 0x00000000ec280000, 0x00000000f5580000)
  object space 199168K, 40% used [0x00000000e0000000,0x00000000e4e28950,0x00000000ec280000)
 Metaspace       used 83158K, capacity 87082K, committed 87336K, reserved 1124352K
  class space    used 10649K, capacity 11446K, committed 11560K, reserved 1048576K
Event: 173.321 GC heap after
Heap after GC invocations=20 (full 3):
 PSYoungGen      total 148480K, used 23305K [0x00000000f5580000, 0x0000000100000000, 0x0000000100000000)
  eden space 124928K, 0% used [0x00000000f5580000,0x00000000f5580000,0x00000000fcf80000)
  from space 23552K, 98% used [0x00000000fcf80000,0x00000000fe642710,0x00000000fe680000)
  to   space 26112K, 0% used [0x00000000fe680000,0x00000000fe680000,0x0000000100000000)
 ParOldGen       total 199168K, used 80042K [0x00000000e0000000, 0x00000000ec280000, 0x00000000f5580000)
  object space 199168K, 40% used [0x00000000e0000000,0x00000000e4e2a950,0x00000000ec280000)
 Metaspace       used 83158K, capacity 87082K, committed 87336K, reserved 1124352K
  class space    used 10649K, capacity 11446K, committed 11560K, reserved 1048576K
}
Event: 187.724 GC heap before
{Heap before GC invocations=21 (full 3):
 PSYoungGen      total 148480K, used 148233K [0x00000000f5580000, 0x0000000100000000, 0x0000000100000000)
  eden space 124928K, 100% used [0x00000000f5580000,0x00000000fcf80000,0x00000000fcf80000)
  from space 23552K, 98% used [0x00000000fcf80000,0x00000000fe642710,0x00000000fe680000)
  to   space 26112K, 0% used [0x00000000fe680000,0x00000000fe680000,0x0000000100000000)
 ParOldGen       total 199168K, used 80046K [0x00000000e0000000, 0x00000000ec280000, 0x00000000f5580000)
  object space 199168K, 40% used [0x00000000e0000000,0x00000000e4e2bb20,0x00000000ec280000)
 Metaspace       used 88478K, capacity 92790K, committed 92968K, reserved 1130496K
  class space    used 11372K, capacity 12252K, committed 12328K, reserved 1048576K
Event: 187.748 GC heap after
Heap after GC invocations=21 (full 3):
 PSYoungGen      total 143360K, used 23005K [0x00000000f5580000, 0x0000000100000000, 0x0000000100000000)
  eden space 117248K, 0% used [0x00000000f5580000,0x00000000f5580000,0x00000000fc800000)
  from space 26112K, 88% used [0x00000000fe680000,0x00000000ffcf7600,0x0000000100000000)
  to   space 28672K, 0% used [0x00000000fc800000,0x00000000fc800000,0x00000000fe400000)
 ParOldGen       total 199168K, used 80054K [0x00000000e0000000, 0x00000000ec280000, 0x00000000f5580000)
  object space 199168K, 40% used [0x00000000e0000000,0x00000000e4e2db20,0x00000000ec280000)
 Metaspace       used 88478K, capacity 92790K, committed 92968K, reserved 1130496K
  class space    used 11372K, capacity 12252K, committed 12328K, reserved 1048576K
}
Event: 191.065 GC heap before
{Heap before GC invocations=22 (full 3):
 PSYoungGen      total 143360K, used 68866K [0x00000000f5580000, 0x0000000100000000, 0x0000000100000000)
  eden space 117248K, 39% used [0x00000000f5580000,0x00000000f8249238,0x00000000fc800000)
  from space 26112K, 88% used [0x00000000fe680000,0x00000000ffcf7600,0x0000000100000000)
  to   space 28672K, 0% used [0x00000000fc800000,0x00000000fc800000,0x00000000fe400000)
 ParOldGen       total 199168K, used 80054K [0x00000000e0000000, 0x00000000ec280000, 0x00000000f5580000)
  object space 199168K, 40% used [0x00000000e0000000,0x00000000e4e2db20,0x00000000ec280000)
 Metaspace       used 91366K, capacity 96052K, committed 96168K, reserved 1136640K
  class space    used 11727K, capacity 12657K, committed 12712K, reserved 1048576K
Event: 191.091 GC heap after
Heap after GC invocations=22 (full 3):
 PSYoungGen      total 138240K, used 20755K [0x00000000f5580000, 0x0000000100000000, 0x0000000100000000)
  eden space 117248K, 0% used [0x00000000f5580000,0x00000000f5580000,0x00000000fc800000)
  from space 20992K, 98% used [0x00000000fc800000,0x00000000fdc44c50,0x00000000fdc80000)
  to   space 29184K, 0% used [0x00000000fe380000,0x00000000fe380000,0x0000000100000000)
 ParOldGen       total 199168K, used 80062K [0x00000000e0000000, 0x00000000ec280000, 0x00000000f5580000)
  object space 199168K, 40% used [0x00000000e0000000,0x00000000e4e2fb20,0x00000000ec280000)
 Metaspace       used 91366K, capacity 96052K, committed 96168K, reserved 1136640K
  class space    used 11727K, capacity 12657K, committed 12712K, reserved 1048576K
}
Event: 191.092 GC heap before
{Heap before GC invocations=23 (full 4):
 PSYoungGen      total 138240K, used 20755K [0x00000000f5580000, 0x0000000100000000, 0x0000000100000000)
  eden space 117248K, 0% used [0x00000000f5580000,0x00000000f5580000,0x00000000fc800000)
  from space 20992K, 98% used [0x00000000fc800000,0x00000000fdc44c50,0x00000000fdc80000)
  to   space 29184K, 0% used [0x00000000fe380000,0x00000000fe380000,0x0000000100000000)
 ParOldGen       total 199168K, used 80062K [0x00000000e0000000, 0x00000000ec280000, 0x00000000f5580000)
  object space 199168K, 40% used [0x00000000e0000000,0x00000000e4e2fb20,0x00000000ec280000)
 Metaspace       used 91366K, capacity 96052K, committed 96168K, reserved 1136640K
  class space    used 11727K, capacity 12657K, committed 12712K, reserved 1048576K
Event: 191.921 GC heap after
Heap after GC invocations=23 (full 4):
 PSYoungGen      total 138240K, used 0K [0x00000000f5580000, 0x0000000100000000, 0x0000000100000000)
  eden space 117248K, 0% used [0x00000000f5580000,0x00000000f5580000,0x00000000fc800000)
  from space 20992K, 0% used [0x00000000fc800000,0x00000000fc800000,0x00000000fdc80000)
  to   space 29184K, 0% used [0x00000000fe380000,0x00000000fe380000,0x0000000100000000)
 ParOldGen       total 199168K, used 77727K [0x00000000e0000000, 0x00000000ec280000, 0x00000000f5580000)
  object space 199168K, 39% used [0x00000000e0000000,0x00000000e4be7db0,0x00000000ec280000)
 Metaspace       used 91113K, capacity 95414K, committed 96168K, reserved 1134592K
  class space    used 11640K, capacity 12506K, committed 12712K, reserved 1048576K
}

